st/search-and-replace.test.ts > searchAndReplace > should replace content and rename files in actual run mode
File modified: /tmp/search-replace-test-rnH4sB/file1.txt
  Replaced "Hello" with "Hi" 1 time(s)

stdout | test/search-and-replace.test.ts > searchAndReplace > should replace content and rename files in actual run mode
File modified: /tmp/search-replace-test-rnH4sB/subdir/file2.txt
  Replaced "Hello" with "Hi" 1 time(s)

stdout | test/search-and-replace.test.ts > searchAndReplace > should replace content and rename files in actual run mode
Renamed: /tmp/search-replace-test-rnH4sB/oldname.txt -> /tmp/search-replace-test-rnH4sB/newname.txt

stdout | test/search-and-replace.test.ts > searchAndReplace > should replace content and rename files in actual run mode
Search and replace completed

 ↓ test/index.test.ts (1 test | 1 skipped)
stdout | test/search-and-replace.test.ts > searchAndReplace > should exclude directories like node_modules and .git from processing
Skipping excluded directory: /tmp/search-replace-test-pQ1Zqq/.git

stdout | test/search-and-replace.test.ts > searchAndReplace > should exclude directories like node_modules and .git from processing
[Dry Run] File modified: /tmp/search-replace-test-pQ1Zqq/file1.txt
  Replaced "Hello" with "Hi" 1 time(s)

stdout | test/search-and-replace.test.ts > searchAndReplace > should exclude directories like node_modules and .git from processing
Skipping excluded directory: /tmp/search-replace-test-pQ1Zqq/node_modules

stdout | test/search-and-replace.test.ts > searchAndReplace > should exclude directories like node_modules and .git from processing
[Dry Run] File modified: /tmp/search-replace-test-pQ1Zqq/subdir/file2.txt
  Replaced "Hello" with "Hi" 1 time(s)

stdout | test/search-and-replace.test.ts > searchAndReplace > should exclude directories like node_modules and .git from processing
Skipping excluded directory for renaming: /tmp/search-replace-test-pQ1Zqq/.git
Skipping excluded directory for renaming: /tmp/search-replace-test-pQ1Zqq/node_modules

stdout | test/search-and-replace.test.ts > searchAndReplace > should exclude directories like node_modules and .git from processing
Dry run completed

stdout | test/search-and-replace.test.ts > searchAndReplace > should handle symbolic links and skip them
[Dry Run] File modified: /tmp/search-replace-test-8hPNB4/file1.txt
  Replaced "Hello" with "Hi" 1 time(s)

stdout | test/search-and-replace.test.ts > searchAndReplace > should handle symbolic links and skip them
[Dry Run] File modified: /tmp/search-replace-test-8hPNB4/subdir/file2.txt
  Replaced "Hello" with "Hi" 1 time(s)

stdout | test/search-and-replace.test.ts > searchAndReplace > should handle symbolic links and skip them
Skipping symbolic link: /tmp/search-replace-test-8hPNB4/symlink

stdout | test/search-and-replace.test.ts > searchAndReplace > should handle symbolic links and skip them
Dry run completed

 ✓ test/search-and-replace.test.ts (4 tests) 27ms

⎯⎯⎯⎯⎯⎯⎯⎯⎯⎯⎯⎯⎯⎯⎯⎯⎯⎯⎯⎯⎯⎯⎯⎯⎯⎯⎯⎯⎯⎯⎯⎯⎯⎯⎯⎯⎯⎯⎯⎯⎯⎯⎯⎯⎯⎯⎯⎯⎯⎯⎯⎯⎯⎯⎯⎯⎯⎯⎯⎯⎯⎯⎯⎯⎯⎯⎯⎯⎯⎯⎯⎯⎯⎯⎯⎯⎯⎯⎯⎯⎯⎯⎯⎯⎯⎯⎯⎯⎯⎯⎯⎯⎯⎯ Failed Suites 1 ⎯⎯⎯⎯⎯⎯⎯⎯⎯⎯⎯⎯⎯⎯⎯⎯⎯⎯⎯⎯⎯⎯⎯⎯⎯⎯⎯⎯⎯⎯⎯⎯⎯⎯⎯⎯⎯⎯⎯⎯⎯⎯⎯⎯⎯⎯⎯⎯⎯⎯⎯⎯⎯⎯⎯⎯⎯⎯⎯⎯⎯⎯⎯⎯⎯⎯⎯⎯⎯⎯⎯⎯⎯⎯⎯⎯⎯⎯⎯⎯⎯⎯⎯⎯⎯⎯⎯⎯⎯⎯⎯⎯⎯⎯⎯

 FAIL  anchor/tests/anaheim.spec.ts [ anchor/tests/anaheim.spec.ts ]
Error: ANCHOR_PROVIDER_URL is not defined
 ❯ Function.env node_modules/.pnpm/@coral-xyz+anchor@0.31.1_bufferutil@4.0.9_typescript@5.2.2_utf-8-validate@5.0.10/node_modules/@coral-xyz/anchor/src/provider.ts:121:13
 ❯ anchor/tests/anaheim.spec.ts:9:42
      7| describe('Anaheim tests', () => {
      8|   // Configuration de Anchor avec le cluster local.
      9|   const provider = anchor.AnchorProvider.env();
       |                                          ^
     10|   anchor.setProvider(provider);
     11|

⎯⎯⎯⎯⎯⎯⎯⎯⎯⎯⎯⎯⎯⎯⎯⎯⎯⎯⎯⎯⎯⎯⎯⎯⎯⎯⎯⎯⎯⎯⎯⎯⎯⎯⎯⎯⎯⎯⎯⎯⎯⎯⎯⎯⎯⎯⎯⎯⎯⎯⎯⎯⎯⎯⎯⎯⎯⎯⎯⎯⎯⎯⎯⎯⎯⎯⎯⎯⎯⎯⎯⎯⎯⎯⎯⎯⎯⎯⎯⎯⎯⎯⎯⎯⎯⎯⎯⎯⎯⎯⎯⎯⎯⎯⎯⎯⎯⎯⎯⎯⎯⎯⎯⎯⎯⎯⎯⎯⎯⎯⎯⎯⎯⎯⎯⎯⎯⎯⎯⎯⎯⎯⎯⎯⎯⎯⎯⎯⎯⎯⎯⎯⎯⎯⎯⎯⎯⎯⎯⎯⎯⎯⎯⎯⎯⎯⎯⎯⎯⎯⎯⎯⎯⎯⎯⎯⎯⎯⎯⎯⎯⎯⎯⎯⎯⎯⎯⎯⎯⎯⎯⎯⎯⎯⎯⎯⎯⎯⎯⎯⎯⎯⎯⎯⎯⎯⎯⎯⎯⎯⎯⎯⎯⎯⎯⎯⎯⎯⎯⎯[1/1]⎯


 Test Files  1 failed | 1 passed | 1 skipped (3)
      Tests  4 passed | 1 todo (5)
   Start at  15:24:57
   Duration  1.01s (transform 101ms, setup 62ms, collect 522ms, tests 27ms, environment 1ms, prepare 309ms)

(.venv) anarchsun@anarcrypt-eco-subsystem-os-srv-hddb1:~/RustroverProjects/anarcrypt.sol/anaheim-putsch-govdapp$ pnpm --filter vitest run
No projects matched the filters "vitest" in "/home/anarchsun/RustroverProjects/anarcrypt.sol/anaheim-putsch-govdapp"
Lifecycle scripts:
  prepack
    pnpm build
  test
    pnpm lint && pnpm test:types && vitest run --coverage

Commands available via "pnpm run":
  build
    unbuild
  build:watch
    unbuild --watch
  dev
    vitest dev
  lint
    eslint . && prettier -c .
  lint:fix
    automd && eslint . --fix && prettier -w .
  release
    pnpm build && pnpm test && npm publish --tag latest && git push --follow-tags
  release:next
    pnpm build && pnpm test && npm publish --tag next && git push --follow-tags
  test:types
    tsc --noEmit --skipLibCheck
(.venv) anarchsun@anarcrypt-eco-subsystem-os-srv-hddb1:~/RustroverProjects/anarcrypt.sol/anaheim-putsch-govdapp$ pnpm test:types

> create-solana-dapp@4.2.9 test:types /home/anarchsun/RustroverProjects/anarcrypt.sol/anaheim-putsch-govdapp
> tsc --noEmit --skipLibCheck

anchor/src/anaheim-exports.ts:4:24 - error TS2307: Cannot find module '../../anchor/target/idl/anaheim.json' or its corresponding type declarations.

4 import AnaheimIDL from '../../anchor/target/idl/anaheim.json'
                         ~~~~~~~~~~~~~~~~~~~~~~~~~~~~~~~~~~~~~~

anchor/src/anaheim-exports.ts:5:30 - error TS2307: Cannot find module '../../anchor/target/types/anaheim' or its corresponding type declarations.

5 import type { Anaheim } from '../../anchor/target/types/anaheim'
                               ~~~~~~~~~~~~~~~~~~~~~~~~~~~~~~~~~~~

anchor/src/anaheim-exports.ts:33:30 - error TS2307: Cannot find module '../../anchor/target/types/anaheim' or its corresponding type declarations.

33 export { type Anaheim } from '../../anchor/target/types/anaheim'
                                ~~~~~~~~~~~~~~~~~~~~~~~~~~~~~~~~~~~

anchor/src/anaheim-exports.ts:34:39 - error TS2307: Cannot find module '../../../anchor/target/idl/anaheim.json' or its corresponding type declarations.

34 export { default as AnaheimIDL } from '../../../anchor/target/idl/anaheim.json'
                                         ~~~~~~~~~~~~~~~~~~~~~~~~~~~~~~~~~~~~~~~~~

anchor/tests/anaheim.spec.ts:5:25 - error TS2307: Cannot find module '../../../target/types/anaheim' or its corresponding type declarations.

5 import { Anaheim } from '../../../target/types/anaheim';
                          ~~~~~~~~~~~~~~~~~~~~~~~~~~~~~~~

anchor/tests/anaheim.spec.ts:22:11 - error TS2589: Type instantiation is excessively deep and possibly infinite.

 22     await program.methods.initialize()
              ~~~~~~~~~~~~~~~~~~~~~~~~~~~~
 23       .accounts({
    ~~~~~~~~~~~~~~~~~
...
 25         payer: payer.publicKey,
    ~~~~~~~~~~~~~~~~~~~~~~~~~~~~~~~
 26       })
    ~~~~~~~~

anchor/tests/anaheim.spec.ts:31:43 - error TS2339: Property 'anaheim' does not exist on type 'AccountNamespace<Anaheim>'.

31     const account = await program.account.anaheim.fetch(anaheimKeypair.publicKey);
                                             ~~~~~~~

anchor/tests/anaheim.spec.ts:44:43 - error TS2339: Property 'anaheim' does not exist on type 'AccountNamespace<Anaheim>'.

44     const account = await program.account.anaheim.fetch(anaheimKeypair.publicKey) as { count: number };
                                             ~~~~~~~

anchor/tests/create_user.ts:4:29 - error TS2307: Cannot find module '../target/types/your_program' or its corresponding type declarations.

4 import { YourProgram } from "../target/types/your_program";
                              ~~~~~~~~~~~~~~~~~~~~~~~~~~~~~~

src/app/account/[address]/page.tsx:1:34 - error TS2307: Cannot find module '@/components/account/account-detail-feature' or its corresponding type declarations.

1 import AccountDetailFeature from '@/components/account/account-detail-feature'
                                   ~~~~~~~~~~~~~~~~~~~~~~~~~~~~~~~~~~~~~~~~~~~~~

src/app/account/page.tsx:1:32 - error TS2307: Cannot find module '@/components/account/account-list-feature' or its corresponding type declarations.

1 import AccountListFeature from '@/components/account/account-list-feature'
                                 ~~~~~~~~~~~~~~~~~~~~~~~~~~~~~~~~~~~~~~~~~~~

src/app/layout.tsx:1:31 - error TS2307: Cannot find module 'next' or its corresponding type declarations.

1 import type { Metadata } from 'next'
                                ~~~~~~

src/app/layout.tsx:3:30 - error TS2307: Cannot find module '@/components/app-providers' or its corresponding type declarations.

3 import { AppProviders } from '@/components/app-providers'
                               ~~~~~~~~~~~~~~~~~~~~~~~~~~~~

src/app/layout.tsx:4:27 - error TS2307: Cannot find module '@/components/app-layout' or its corresponding type declarations.

4 import { AppLayout } from '@/components/app-layout'
                            ~~~~~~~~~~~~~~~~~~~~~~~~~

src/app/layout.tsx:5:19 - error TS7016: Could not find a declaration file for module 'react'. '/home/anarchsun/RustroverProjects/anarcrypt.sol/anaheim-putsch-govdapp/node_modules/.pnpm/react@19.1.0/node_modules/react/index.js' implicitly has an 'any' type.
  Try `npm i --save-dev @types/react` if it exists or add a new declaration (.d.ts) file containing `declare module 'react';`

5 import React from 'react'
                    ~~~~~~~

src/app/layout.tsx:20:5 - error TS7026: JSX element implicitly has type 'any' because no interface 'JSX.IntrinsicElements' exists.

20     <html lang="en" suppressHydrationWarning>
       ~~~~~~~~~~~~~~~~~~~~~~~~~~~~~~~~~~~~~~~~~

src/app/layout.tsx:21:7 - error TS7026: JSX element implicitly has type 'any' because no interface 'JSX.IntrinsicElements' exists.

21       <body className={`antialiased`}>
         ~~~~~~~~~~~~~~~~~~~~~~~~~~~~~~~~

src/app/layout.tsx:25:7 - error TS7026: JSX element implicitly has type 'any' because no interface 'JSX.IntrinsicElements' exists.

25       </body>
         ~~~~~~~

src/app/layout.tsx:26:5 - error TS7026: JSX element implicitly has type 'any' because no interface 'JSX.IntrinsicElements' exists.

26     </html>
       ~~~~~~~

src/app/mining/page.tsx:1:25 - error TS2307: Cannot find module '@/components/mining/mining-panel' or its corresponding type declarations.

1 import MiningPanel from '@/components/mining/mining-panel'
                          ~~~~~~~~~~~~~~~~~~~~~~~~~~~~~~~~~~

src/app/mining/page.tsx:5:3 - error TS7026: JSX element implicitly has type 'any' because no interface 'JSX.IntrinsicElements' exists.

5   <main className="flex flex-col items-center justify-center min-h-screen">
    ~~~~~~~~~~~~~~~~~~~~~~~~~~~~~~~~~~~~~~~~~~~~~~~~~~~~~~~~~~~~~~~~~~~~~~~~~

src/app/mining/page.tsx:7:3 - error TS7026: JSX element implicitly has type 'any' because no interface 'JSX.IntrinsicElements' exists.

7   </main>
    ~~~~~~~

src/app/page.tsx:1:34 - error TS2307: Cannot find module '@/components/dashboard/dashboard-feature' or its corresponding type declarations.

1 import { DashboardFeature } from '@/components/dashboard/dashboard-feature'
                                   ~~~~~~~~~~~~~~~~~~~~~~~~~~~~~~~~~~~~~~~~~~

src/components/account/account-data-access.tsx:3:67 - error TS2307: Cannot find module 'gill/programs/token' or its corresponding type declarations.

3 import { TOKEN_2022_PROGRAM_ADDRESS, TOKEN_PROGRAM_ADDRESS } from 'gill/programs/token'
                                                                    ~~~~~~~~~~~~~~~~~~~~~

src/components/account/account-data-access.tsx:4:43 - error TS2307: Cannot find module 'gill/programs' or its corresponding type declarations.

4 import { getTransferSolInstruction } from 'gill/programs'
                                            ~~~~~~~~~~~~~~~

src/components/account/account-data-access.tsx:5:55 - error TS2307: Cannot find module '@tanstack/react-query' or its corresponding type declarations.

5 import { useMutation, useQuery, useQueryClient } from '@tanstack/react-query'
                                                        ~~~~~~~~~~~~~~~~~~~~~~~

src/components/account/account-data-access.tsx:11:8 - error TS2307: Cannot find module '@wallet-ui/react' or its corresponding type declarations.

11 } from '@wallet-ui/react'
          ~~~~~~~~~~~~~~~~~~

src/components/account/account-data-access.tsx:28:8 - error TS2307: Cannot find module 'gill' or its corresponding type declarations.

28 } from 'gill'
          ~~~~~~

src/components/account/account-data-access.tsx:29:23 - error TS2307: Cannot find module 'sonner' or its corresponding type declarations.

29 import { toast } from 'sonner'
                         ~~~~~~~~

src/components/account/account-data-access.tsx:42:16 - error TS7006: Parameter 'res' implicitly has an 'any' type.

42         .then((res) => res.value),
                  ~~~

src/components/account/account-data-access.tsx:71:18 - error TS7006: Parameter 'res' implicitly has an 'any' type.

71           .then((res) => res.value ?? []),
                    ~~~

src/components/account/account-data-access.tsx:79:18 - error TS7006: Parameter 'res' implicitly has an 'any' type.

79           .then((res) => res.value ?? []),
                    ~~~

src/components/account/account-data-access.tsx:110:17 - error TS7006: Parameter 'signature' implicitly has an 'any' type.

110     onSuccess: (signature) => {
                    ~~~~~~~~~

src/components/account/account-data-access.tsx:123:15 - error TS7006: Parameter 'error' implicitly has an 'any' type.

123     onError: (error) => {
                  ~~~~~

src/components/account/account-data-access.tsx:144:17 - error TS7006: Parameter 'signature' implicitly has an 'any' type.

144     onSuccess: (signature) => {
                    ~~~~~~~~~

src/components/account/account-data-access.tsx:175:6 - error TS7006: Parameter 'm' implicitly has an 'any' type.

175     (m) => setTransactionMessageFeePayerSigner(txSigner, m),
         ~

src/components/account/account-data-access.tsx:176:6 - error TS7006: Parameter 'm' implicitly has an 'any' type.

176     (m) => setTransactionMessageLifetimeUsingBlockhash(latestBlockhash, m),
         ~

src/components/account/account-data-access.tsx:177:6 - error TS7006: Parameter 'm' implicitly has an 'any' type.

177     (m) =>
         ~

src/components/account/account-detail-feature.tsx:3:33 - error TS2307: Cannot find module 'gill' or its corresponding type declarations.

3 import { assertIsAddress } from 'gill'
                                  ~~~~~~

src/components/account/account-detail-feature.tsx:4:25 - error TS7016: Could not find a declaration file for module 'react'. '/home/anarchsun/RustroverProjects/anarcrypt.sol/anaheim-putsch-govdapp/node_modules/.pnpm/react@19.1.0/node_modules/react/index.js' implicitly has an 'any' type.
  Try `npm i --save-dev @types/react` if it exists or add a new declaration (.d.ts) file containing `declare module 'react';`

4 import { useMemo } from 'react'
                          ~~~~~~~

src/components/account/account-detail-feature.tsx:5:27 - error TS2307: Cannot find module 'next/navigation' or its corresponding type declarations.

5 import { useParams } from 'next/navigation'
                            ~~~~~~~~~~~~~~~~~

src/components/account/account-detail-feature.tsx:9:27 - error TS2307: Cannot find module '@/lib/utils' or its corresponding type declarations.

9 import { ellipsify } from '@/lib/utils'
                            ~~~~~~~~~~~~~

src/components/account/account-detail-feature.tsx:21:12 - error TS7026: JSX element implicitly has type 'any' because no interface 'JSX.IntrinsicElements' exists.

21     return <div>Error loading account</div>
              ~~~~~

src/components/account/account-detail-feature.tsx:21:38 - error TS7026: JSX element implicitly has type 'any' because no interface 'JSX.IntrinsicElements' exists.

21     return <div>Error loading account</div>
                                        ~~~~~~

src/components/account/account-detail-feature.tsx:25:5 - error TS7026: JSX element implicitly has type 'any' because no interface 'JSX.IntrinsicElements' exists.

25     <div>
       ~~~~~

src/components/account/account-detail-feature.tsx:29:11 - error TS7026: JSX element implicitly has type 'any' because no interface 'JSX.IntrinsicElements' exists.

29           <div className="my-4">
             ~~~~~~~~~~~~~~~~~~~~~~

src/components/account/account-detail-feature.tsx:31:11 - error TS7026: JSX element implicitly has type 'any' because no interface 'JSX.IntrinsicElements' exists.

31           </div>
             ~~~~~~

src/components/account/account-detail-feature.tsx:34:9 - error TS7026: JSX element implicitly has type 'any' because no interface 'JSX.IntrinsicElements' exists.

34         <div className="my-4">
           ~~~~~~~~~~~~~~~~~~~~~~

src/components/account/account-detail-feature.tsx:36:9 - error TS7026: JSX element implicitly has type 'any' because no interface 'JSX.IntrinsicElements' exists.

36         </div>
           ~~~~~~

src/components/account/account-detail-feature.tsx:38:7 - error TS7026: JSX element implicitly has type 'any' because no interface 'JSX.IntrinsicElements' exists.

38       <div className="space-y-8">
         ~~~~~~~~~~~~~~~~~~~~~~~~~~~

src/components/account/account-detail-feature.tsx:41:7 - error TS7026: JSX element implicitly has type 'any' because no interface 'JSX.IntrinsicElements' exists.

41       </div>
         ~~~~~~

src/components/account/account-detail-feature.tsx:42:5 - error TS7026: JSX element implicitly has type 'any' because no interface 'JSX.IntrinsicElements' exists.

42     </div>
       ~~~~~~

src/components/account/account-list-feature.tsx:5:26 - error TS2307: Cannot find module 'next/navigation' or its corresponding type declarations.

5 import { redirect } from 'next/navigation'
                           ~~~~~~~~~~~~~~~~~

src/components/account/account-list-feature.tsx:6:29 - error TS2307: Cannot find module '@wallet-ui/react' or its corresponding type declarations.

6 import { useWalletUi } from '@wallet-ui/react'
                              ~~~~~~~~~~~~~~~~~~

src/components/account/account-list-feature.tsx:16:5 - error TS7026: JSX element implicitly has type 'any' because no interface 'JSX.IntrinsicElements' exists.

16     <div className="hero py-[64px]">
       ~~~~~~~~~~~~~~~~~~~~~~~~~~~~~~~~

src/components/account/account-list-feature.tsx:17:7 - error TS7026: JSX element implicitly has type 'any' because no interface 'JSX.IntrinsicElements' exists.

17       <div className="hero-content text-center">
         ~~~~~~~~~~~~~~~~~~~~~~~~~~~~~~~~~~~~~~~~~~

src/components/account/account-list-feature.tsx:19:7 - error TS7026: JSX element implicitly has type 'any' because no interface 'JSX.IntrinsicElements' exists.

19       </div>
         ~~~~~~

src/components/account/account-list-feature.tsx:20:5 - error TS7026: JSX element implicitly has type 'any' because no interface 'JSX.IntrinsicElements' exists.

20     </div>
       ~~~~~~

src/components/account/account-ui.tsx:3:27 - error TS2307: Cannot find module 'lucide-react' or its corresponding type declarations.

3 import { RefreshCw } from 'lucide-react'
                            ~~~~~~~~~~~~~~

src/components/account/account-ui.tsx:4:32 - error TS2307: Cannot find module '@tanstack/react-query' or its corresponding type declarations.

4 import { useQueryClient } from '@tanstack/react-query'
                                 ~~~~~~~~~~~~~~~~~~~~~~~

src/components/account/account-ui.tsx:5:35 - error TS7016: Could not find a declaration file for module 'react'. '/home/anarchsun/RustroverProjects/anarcrypt.sol/anaheim-putsch-govdapp/node_modules/.pnpm/react@19.1.0/node_modules/react/index.js' implicitly has an 'any' type.
  Try `npm i --save-dev @types/react` if it exists or add a new declaration (.d.ts) file containing `declare module 'react';`

5 import { useMemo, useState } from 'react'
                                    ~~~~~~~

src/components/account/account-ui.tsx:14:27 - error TS2307: Cannot find module '@/lib/utils' or its corresponding type declarations.

14 import { ellipsify } from '@/lib/utils'
                             ~~~~~~~~~~~~~

src/components/account/account-ui.tsx:15:24 - error TS2307: Cannot find module '@/components/ui/button' or its corresponding type declarations.

15 import { Button } from '@/components/ui/button'
                          ~~~~~~~~~~~~~~~~~~~~~~~~

src/components/account/account-ui.tsx:16:26 - error TS2307: Cannot find module '@/components/app-alert' or its corresponding type declarations.

16 import { AppAlert } from '@/components/app-alert'
                            ~~~~~~~~~~~~~~~~~~~~~~~~

src/components/account/account-ui.tsx:17:79 - error TS2307: Cannot find module '@/components/ui/table' or its corresponding type declarations.

17 import { Table, TableBody, TableCell, TableHead, TableHeader, TableRow } from '@/components/ui/table'
                                                                                 ~~~~~~~~~~~~~~~~~~~~~~~

src/components/account/account-ui.tsx:18:26 - error TS2307: Cannot find module '@/components/app-modal' or its corresponding type declarations.

18 import { AppModal } from '@/components/app-modal'
                            ~~~~~~~~~~~~~~~~~~~~~~~~

src/components/account/account-ui.tsx:19:23 - error TS2307: Cannot find module '@/components/ui/input' or its corresponding type declarations.

19 import { Input } from '@/components/ui/input'
                         ~~~~~~~~~~~~~~~~~~~~~~~

src/components/account/account-ui.tsx:20:23 - error TS2307: Cannot find module '@/components/ui/label' or its corresponding type declarations.

20 import { Label } from '@/components/ui/label'
                         ~~~~~~~~~~~~~~~~~~~~~~~

src/components/account/account-ui.tsx:21:66 - error TS2307: Cannot find module '@wallet-ui/react' or its corresponding type declarations.

21 import { UiWalletAccount, useWalletUi, useWalletUiCluster } from '@wallet-ui/react'
                                                                    ~~~~~~~~~~~~~~~~~~

src/components/account/account-ui.tsx:22:59 - error TS2307: Cannot find module 'gill' or its corresponding type declarations.

22 import { address, Address, Lamports, lamportsToSol } from 'gill'
                                                             ~~~~~~

src/components/account/account-ui.tsx:23:31 - error TS2307: Cannot find module 'next/dist/client/components/error-boundary' or its corresponding type declarations.

23 import { ErrorBoundary } from 'next/dist/client/components/error-boundary'
                                 ~~~~~~~~~~~~~~~~~~~~~~~~~~~~~~~~~~~~~~~~~~~~

src/components/account/account-ui.tsx:29:5 - error TS7026: JSX element implicitly has type 'any' because no interface 'JSX.IntrinsicElements' exists.

29     <h1 className="text-5xl font-bold cursor-pointer" onClick={() => query.refetch()}>
       ~~~~~~~~~~~~~~~~~~~~~~~~~~~~~~~~~~~~~~~~~~~~~~~~~~~~~~~~~~~~~~~~~~~~~~~~~~~~~~~~~~

src/components/account/account-ui.tsx:31:5 - error TS7026: JSX element implicitly has type 'any' because no interface 'JSX.IntrinsicElements' exists.

31     </h1>
       ~~~~~

src/components/account/account-ui.tsx:55:83 - error TS7006: Parameter 'error_' implicitly has an 'any' type.

55           <Button variant="outline" onClick={() => mutation.mutateAsync(1).catch((error_) => console.log(error_))}>
                                                                                     ~~~~~~

src/components/account/account-ui.tsx:60:30 - error TS7026: JSX element implicitly has type 'any' because no interface 'JSX.IntrinsicElements' exists.

60         You are connected to <strong>{cluster.label}</strong> but your account is not found on this cluster.
                                ~~~~~~~~

src/components/account/account-ui.tsx:60:53 - error TS7026: JSX element implicitly has type 'any' because no interface 'JSX.IntrinsicElements' exists.

60         You are connected to <strong>{cluster.label}</strong> but your account is not found on this cluster.
                                                       ~~~~~~~~~

src/components/account/account-ui.tsx:71:5 - error TS7026: JSX element implicitly has type 'any' because no interface 'JSX.IntrinsicElements' exists.

71     <div>
       ~~~~~

src/components/account/account-ui.tsx:72:7 - error TS7026: JSX element implicitly has type 'any' because no interface 'JSX.IntrinsicElements' exists.

72       <div className="space-x-2">
         ~~~~~~~~~~~~~~~~~~~~~~~~~~~

src/components/account/account-ui.tsx:78:7 - error TS7026: JSX element implicitly has type 'any' because no interface 'JSX.IntrinsicElements' exists.

78       </div>
         ~~~~~~

src/components/account/account-ui.tsx:79:5 - error TS7026: JSX element implicitly has type 'any' because no interface 'JSX.IntrinsicElements' exists.

79     </div>
       ~~~~~~

src/components/account/account-ui.tsx:93:5 - error TS7026: JSX element implicitly has type 'any' because no interface 'JSX.IntrinsicElements' exists.

93     <div className="space-y-2">
       ~~~~~~~~~~~~~~~~~~~~~~~~~~~

src/components/account/account-ui.tsx:94:7 - error TS7026: JSX element implicitly has type 'any' because no interface 'JSX.IntrinsicElements' exists.

94       <div className="justify-between">
         ~~~~~~~~~~~~~~~~~~~~~~~~~~~~~~~~~

src/components/account/account-ui.tsx:95:9 - error TS7026: JSX element implicitly has type 'any' because no interface 'JSX.IntrinsicElements' exists.

95         <div className="flex justify-between">
           ~~~~~~~~~~~~~~~~~~~~~~~~~~~~~~~~~~~~~~

src/components/account/account-ui.tsx:96:11 - error TS7026: JSX element implicitly has type 'any' because no interface 'JSX.IntrinsicElements' exists.

96           <h2 className="text-2xl font-bold">Token Accounts</h2>
             ~~~~~~~~~~~~~~~~~~~~~~~~~~~~~~~~~~~

src/components/account/account-ui.tsx:96:60 - error TS7026: JSX element implicitly has type 'any' because no interface 'JSX.IntrinsicElements' exists.

96           <h2 className="text-2xl font-bold">Token Accounts</h2>
                                                              ~~~~~

src/components/account/account-ui.tsx:97:11 - error TS7026: JSX element implicitly has type 'any' because no interface 'JSX.IntrinsicElements' exists.

97           <div className="space-x-2">
             ~~~~~~~~~~~~~~~~~~~~~~~~~~~

src/components/account/account-ui.tsx:99:15 - error TS7026: JSX element implicitly has type 'any' because no interface 'JSX.IntrinsicElements' exists.

99               <span className="loading loading-spinner"></span>
                 ~~~~~~~~~~~~~~~~~~~~~~~~~~~~~~~~~~~~~~~~~~

src/components/account/account-ui.tsx:99:57 - error TS7026: JSX element implicitly has type 'any' because no interface 'JSX.IntrinsicElements' exists.

99               <span className="loading loading-spinner"></span>
                                                           ~~~~~~~

src/components/account/account-ui.tsx:113:11 - error TS7026: JSX element implicitly has type 'any' because no interface 'JSX.IntrinsicElements' exists.

113           </div>
              ~~~~~~

src/components/account/account-ui.tsx:114:9 - error TS7026: JSX element implicitly has type 'any' because no interface 'JSX.IntrinsicElements' exists.

114         </div>
            ~~~~~~

src/components/account/account-ui.tsx:115:7 - error TS7026: JSX element implicitly has type 'any' because no interface 'JSX.IntrinsicElements' exists.

115       </div>
          ~~~~~~

src/components/account/account-ui.tsx:116:25 - error TS7026: JSX element implicitly has type 'any' because no interface 'JSX.IntrinsicElements' exists.

116       {query.isError && <pre className="alert alert-error">Error: {query.error?.message.toString()}</pre>}
                            ~~~~~~~~~~~~~~~~~~~~~~~~~~~~~~~~~~~

src/components/account/account-ui.tsx:116:100 - error TS7026: JSX element implicitly has type 'any' because no interface 'JSX.IntrinsicElements' exists.

116       {query.isError && <pre className="alert alert-error">Error: {query.error?.message.toString()}</pre>}
                                                                                                       ~~~~~~

src/components/account/account-ui.tsx:118:9 - error TS7026: JSX element implicitly has type 'any' because no interface 'JSX.IntrinsicElements' exists.

118         <div>
            ~~~~~

src/components/account/account-ui.tsx:120:13 - error TS7026: JSX element implicitly has type 'any' because no interface 'JSX.IntrinsicElements' exists.

120             <div>No token accounts found.</div>
                ~~~~~

src/components/account/account-ui.tsx:120:42 - error TS7026: JSX element implicitly has type 'any' because no interface 'JSX.IntrinsicElements' exists.

120             <div>No token accounts found.</div>
                                             ~~~~~~

src/components/account/account-ui.tsx:131:32 - error TS7031: Binding element 'account' implicitly has an 'any' type.

131                 {items?.map(({ account, pubkey }) => (
                                   ~~~~~~~

src/components/account/account-ui.tsx:131:41 - error TS7031: Binding element 'pubkey' implicitly has an 'any' type.

131                 {items?.map(({ account, pubkey }) => (
                                            ~~~~~~

src/components/account/account-ui.tsx:134:23 - error TS7026: JSX element implicitly has type 'any' because no interface 'JSX.IntrinsicElements' exists.

134                       <div className="flex space-x-2">
                          ~~~~~~~~~~~~~~~~~~~~~~~~~~~~~~~~

src/components/account/account-ui.tsx:135:25 - error TS7026: JSX element implicitly has type 'any' because no interface 'JSX.IntrinsicElements' exists.

135                         <span className="font-mono">
                            ~~~~~~~~~~~~~~~~~~~~~~~~~~~~

src/components/account/account-ui.tsx:137:25 - error TS7026: JSX element implicitly has type 'any' because no interface 'JSX.IntrinsicElements' exists.

137                         </span>
                            ~~~~~~~

src/components/account/account-ui.tsx:138:23 - error TS7026: JSX element implicitly has type 'any' because no interface 'JSX.IntrinsicElements' exists.

138                       </div>
                          ~~~~~~

src/components/account/account-ui.tsx:141:23 - error TS7026: JSX element implicitly has type 'any' because no interface 'JSX.IntrinsicElements' exists.

141                       <div className="flex space-x-2">
                          ~~~~~~~~~~~~~~~~~~~~~~~~~~~~~~~~

src/components/account/account-ui.tsx:142:25 - error TS7026: JSX element implicitly has type 'any' because no interface 'JSX.IntrinsicElements' exists.

142                         <span className="font-mono">
                            ~~~~~~~~~~~~~~~~~~~~~~~~~~~~

src/components/account/account-ui.tsx:147:25 - error TS7026: JSX element implicitly has type 'any' because no interface 'JSX.IntrinsicElements' exists.

147                         </span>
                            ~~~~~~~

src/components/account/account-ui.tsx:148:23 - error TS7026: JSX element implicitly has type 'any' because no interface 'JSX.IntrinsicElements' exists.

148                       </div>
                          ~~~~~~

src/components/account/account-ui.tsx:151:23 - error TS7026: JSX element implicitly has type 'any' because no interface 'JSX.IntrinsicElements' exists.

151                       <span className="font-mono">{account.data.parsed.info.tokenAmount.uiAmount}</span>
                          ~~~~~~~~~~~~~~~~~~~~~~~~~~~~

src/components/account/account-ui.tsx:151:98 - error TS7026: JSX element implicitly has type 'any' because no interface 'JSX.IntrinsicElements' exists.

151                       <span className="font-mono">{account.data.parsed.info.tokenAmount.uiAmount}</span>
                                                                                                     ~~~~~~~

src/components/account/account-ui.tsx:168:9 - error TS7026: JSX element implicitly has type 'any' because no interface 'JSX.IntrinsicElements' exists.

168         </div>
            ~~~~~~

src/components/account/account-ui.tsx:170:5 - error TS7026: JSX element implicitly has type 'any' because no interface 'JSX.IntrinsicElements' exists.

170     </div>
        ~~~~~~

src/components/account/account-ui.tsx:184:5 - error TS7026: JSX element implicitly has type 'any' because no interface 'JSX.IntrinsicElements' exists.

184     <div className="space-y-2">
        ~~~~~~~~~~~~~~~~~~~~~~~~~~~

src/components/account/account-ui.tsx:185:7 - error TS7026: JSX element implicitly has type 'any' because no interface 'JSX.IntrinsicElements' exists.

185       <div className="flex justify-between">
          ~~~~~~~~~~~~~~~~~~~~~~~~~~~~~~~~~~~~~~

src/components/account/account-ui.tsx:186:9 - error TS7026: JSX element implicitly has type 'any' because no interface 'JSX.IntrinsicElements' exists.

186         <h2 className="text-2xl font-bold">Transaction History</h2>
            ~~~~~~~~~~~~~~~~~~~~~~~~~~~~~~~~~~~

src/components/account/account-ui.tsx:186:63 - error TS7026: JSX element implicitly has type 'any' because no interface 'JSX.IntrinsicElements' exists.

186         <h2 className="text-2xl font-bold">Transaction History</h2>
                                                                  ~~~~~

src/components/account/account-ui.tsx:187:9 - error TS7026: JSX element implicitly has type 'any' because no interface 'JSX.IntrinsicElements' exists.

187         <div className="space-x-2">
            ~~~~~~~~~~~~~~~~~~~~~~~~~~~

src/components/account/account-ui.tsx:189:13 - error TS7026: JSX element implicitly has type 'any' because no interface 'JSX.IntrinsicElements' exists.

189             <span className="loading loading-spinner"></span>
                ~~~~~~~~~~~~~~~~~~~~~~~~~~~~~~~~~~~~~~~~~~

src/components/account/account-ui.tsx:189:55 - error TS7026: JSX element implicitly has type 'any' because no interface 'JSX.IntrinsicElements' exists.

189             <span className="loading loading-spinner"></span>
                                                          ~~~~~~~

src/components/account/account-ui.tsx:195:9 - error TS7026: JSX element implicitly has type 'any' because no interface 'JSX.IntrinsicElements' exists.

195         </div>
            ~~~~~~

src/components/account/account-ui.tsx:196:7 - error TS7026: JSX element implicitly has type 'any' because no interface 'JSX.IntrinsicElements' exists.

196       </div>
          ~~~~~~

src/components/account/account-ui.tsx:197:25 - error TS7026: JSX element implicitly has type 'any' because no interface 'JSX.IntrinsicElements' exists.

197       {query.isError && <pre className="alert alert-error">Error: {query.error?.message.toString()}</pre>}
                            ~~~~~~~~~~~~~~~~~~~~~~~~~~~~~~~~~~~

src/components/account/account-ui.tsx:197:100 - error TS7026: JSX element implicitly has type 'any' because no interface 'JSX.IntrinsicElements' exists.

197       {query.isError && <pre className="alert alert-error">Error: {query.error?.message.toString()}</pre>}
                                                                                                       ~~~~~~

src/components/account/account-ui.tsx:199:9 - error TS7026: JSX element implicitly has type 'any' because no interface 'JSX.IntrinsicElements' exists.

199         <div>
            ~~~~~

src/components/account/account-ui.tsx:201:13 - error TS7026: JSX element implicitly has type 'any' because no interface 'JSX.IntrinsicElements' exists.

201             <div>No transactions found.</div>
                ~~~~~

src/components/account/account-ui.tsx:201:40 - error TS7026: JSX element implicitly has type 'any' because no interface 'JSX.IntrinsicElements' exists.

201             <div>No transactions found.</div>
                                           ~~~~~~

src/components/account/account-ui.tsx:213:30 - error TS7006: Parameter 'item' implicitly has an 'any' type.

213                 {items?.map((item) => (
                                 ~~~~

src/components/account/account-ui.tsx:224:25 - error TS7026: JSX element implicitly has type 'any' because no interface 'JSX.IntrinsicElements' exists.

224                         <span className="text-red-500" title={item.err.toString()}>
                            ~~~~~~~~~~~~~~~~~~~~~~~~~~~~~~~~~~~~~~~~~~~~~~~~~~~~~~~~~~~

src/components/account/account-ui.tsx:226:25 - error TS7026: JSX element implicitly has type 'any' because no interface 'JSX.IntrinsicElements' exists.

226                         </span>
                            ~~~~~~~

src/components/account/account-ui.tsx:228:25 - error TS7026: JSX element implicitly has type 'any' because no interface 'JSX.IntrinsicElements' exists.

228                         <span className="text-green-500">Success</span>
                            ~~~~~~~~~~~~~~~~~~~~~~~~~~~~~~~~~

src/components/account/account-ui.tsx:228:65 - error TS7026: JSX element implicitly has type 'any' because no interface 'JSX.IntrinsicElements' exists.

228                         <span className="text-green-500">Success</span>
                                                                    ~~~~~~~

src/components/account/account-ui.tsx:245:9 - error TS7026: JSX element implicitly has type 'any' because no interface 'JSX.IntrinsicElements' exists.

245         </div>
            ~~~~~~

src/components/account/account-ui.tsx:247:5 - error TS7026: JSX element implicitly has type 'any' because no interface 'JSX.IntrinsicElements' exists.

247     </div>
        ~~~~~~

src/components/account/account-ui.tsx:252:10 - error TS7026: JSX element implicitly has type 'any' because no interface 'JSX.IntrinsicElements' exists.

252   return <span>{lamportsToSol(balance)}</span>
             ~~~~~~

src/components/account/account-ui.tsx:252:40 - error TS7026: JSX element implicitly has type 'any' because no interface 'JSX.IntrinsicElements' exists.

252   return <span>{lamportsToSol(balance)}</span>
                                           ~~~~~~~

src/components/account/account-ui.tsx:258:7 - error TS7026: JSX element implicitly has type 'any' because no interface 'JSX.IntrinsicElements' exists.

258       <p>Receive assets by sending them to your public key:</p>
          ~~~

src/components/account/account-ui.tsx:258:60 - error TS7026: JSX element implicitly has type 'any' because no interface 'JSX.IntrinsicElements' exists.

258       <p>Receive assets by sending them to your public key:</p>
                                                               ~~~~

src/components/account/account-ui.tsx:259:7 - error TS7026: JSX element implicitly has type 'any' because no interface 'JSX.IntrinsicElements' exists.

259       <code>{address.toString()}</code>
          ~~~~~~

src/components/account/account-ui.tsx:259:33 - error TS7026: JSX element implicitly has type 'any' because no interface 'JSX.IntrinsicElements' exists.

259       <code>{address.toString()}</code>
                                    ~~~~~~~

src/components/account/account-ui.tsx:280:20 - error TS7006: Parameter 'e' implicitly has an 'any' type.

280         onChange={(e) => setAmount(e.target.value)}
                       ~

src/components/account/account-ui.tsx:296:12 - error TS7026: JSX element implicitly has type 'any' because no interface 'JSX.IntrinsicElements' exists.

296     return <div>Wallet not connected</div>
               ~~~~~

src/components/account/account-ui.tsx:296:37 - error TS7026: JSX element implicitly has type 'any' because no interface 'JSX.IntrinsicElements' exists.

296     return <div>Wallet not connected</div>
                                        ~~~~~~

src/components/account/account-ui.tsx:315:20 - error TS7006: Parameter 'e' implicitly has an 'any' type.

315         onChange={(e) => setDestination(e.target.value)}
                       ~

src/components/account/account-ui.tsx:325:20 - error TS7006: Parameter 'e' implicitly has an 'any' type.

325         onChange={(e) => setAmount(e.target.value)}
                       ~

src/components/app-alert.tsx:1:29 - error TS2307: Cannot find module 'lucide-react' or its corresponding type declarations.

1 import { AlertCircle } from 'lucide-react'
                              ~~~~~~~~~~~~~~

src/components/app-alert.tsx:3:27 - error TS7016: Could not find a declaration file for module 'react'. '/home/anarchsun/RustroverProjects/anarcrypt.sol/anaheim-putsch-govdapp/node_modules/.pnpm/react@19.1.0/node_modules/react/index.js' implicitly has an 'any' type.
  Try `npm i --save-dev @types/react` if it exists or add a new declaration (.d.ts) file containing `declare module 'react';`

3 import { ReactNode } from 'react'
                            ~~~~~~~

src/components/app-footer.tsx:1:19 - error TS7016: Could not find a declaration file for module 'react'. '/home/anarchsun/RustroverProjects/anarcrypt.sol/anaheim-putsch-govdapp/node_modules/.pnpm/react@19.1.0/node_modules/react/index.js' implicitly has an 'any' type.
  Try `npm i --save-dev @types/react` if it exists or add a new declaration (.d.ts) file containing `declare module 'react';`

1 import React from 'react'
                    ~~~~~~~

src/components/app-footer.tsx:5:5 - error TS7026: JSX element implicitly has type 'any' because no interface 'JSX.IntrinsicElements' exists.

5     <footer className="text-center p-2 bg-neutral-100 dark:bg-neutral-900 dark:text-neutral-400 text-xs">
      ~~~~~~~~~~~~~~~~~~~~~~~~~~~~~~~~~~~~~~~~~~~~~~~~~~~~~~~~~~~~~~~~~~~~~~~~~~~~~~~~~~~~~~~~~~~~~~~~~~~~~

src/components/app-footer.tsx:7:7 - error TS7026: JSX element implicitly has type 'any' because no interface 'JSX.IntrinsicElements' exists.

  7       <a
          ~~
  8         className="link hover:text-neutral-500 dark:hover:text-white"
    ~~~~~~~~~~~~~~~~~~~~~~~~~~~~~~~~~~~~~~~~~~~~~~~~~~~~~~~~~~~~~~~~~~~~~
...
 11         rel="noopener noreferrer"
    ~~~~~~~~~~~~~~~~~~~~~~~~~~~~~~~~~
 12       >
    ~~~~~~~

src/components/app-footer.tsx:14:7 - error TS7026: JSX element implicitly has type 'any' because no interface 'JSX.IntrinsicElements' exists.

14       </a>
         ~~~~

src/components/app-footer.tsx:15:5 - error TS7026: JSX element implicitly has type 'any' because no interface 'JSX.IntrinsicElements' exists.

15     </footer>
       ~~~~~~~~~

src/components/app-header.tsx:2:29 - error TS2307: Cannot find module 'next/navigation' or its corresponding type declarations.

2 import { usePathname } from 'next/navigation'
                              ~~~~~~~~~~~~~~~~~

src/components/app-header.tsx:3:26 - error TS7016: Could not find a declaration file for module 'react'. '/home/anarchsun/RustroverProjects/anarcrypt.sol/anaheim-putsch-govdapp/node_modules/.pnpm/react@19.1.0/node_modules/react/index.js' implicitly has an 'any' type.
  Try `npm i --save-dev @types/react` if it exists or add a new declaration (.d.ts) file containing `declare module 'react';`

3 import { useState } from 'react'
                           ~~~~~~~

src/components/app-header.tsx:4:18 - error TS2307: Cannot find module 'next/link' or its corresponding type declarations.

4 import Link from 'next/link'
                   ~~~~~~~~~~~

src/components/app-header.tsx:5:24 - error TS2307: Cannot find module '@/components/ui/button' or its corresponding type declarations.

5 import { Button } from '@/components/ui/button'
                         ~~~~~~~~~~~~~~~~~~~~~~~~

src/components/app-header.tsx:6:25 - error TS2307: Cannot find module 'lucide-react' or its corresponding type declarations.

6 import { Menu, X } from 'lucide-react'
                          ~~~~~~~~~~~~~~

src/components/app-header.tsx:7:29 - error TS2307: Cannot find module '@/components/theme-select' or its corresponding type declarations.

7 import { ThemeSelect } from '@/components/theme-select'
                              ~~~~~~~~~~~~~~~~~~~~~~~~~~~

src/components/app-header.tsx:8:45 - error TS2307: Cannot find module '@/components/solana/solana-provider' or its corresponding type declarations.

8 import { ClusterButton, WalletButton } from '@/components/solana/solana-provider'
                                              ~~~~~~~~~~~~~~~~~~~~~~~~~~~~~~~~~~~~~

src/components/app-header.tsx:19:5 - error TS7026: JSX element implicitly has type 'any' because no interface 'JSX.IntrinsicElements' exists.

19     <header className="relative z-50 px-4 py-2 bg-neutral-100 dark:bg-neutral-900 dark:text-neutral-400">
       ~~~~~~~~~~~~~~~~~~~~~~~~~~~~~~~~~~~~~~~~~~~~~~~~~~~~~~~~~~~~~~~~~~~~~~~~~~~~~~~~~~~~~~~~~~~~~~~~~~~~~

src/components/app-header.tsx:20:7 - error TS7026: JSX element implicitly has type 'any' because no interface 'JSX.IntrinsicElements' exists.

20       <div className="mx-auto flex justify-between items-center">
         ~~~~~~~~~~~~~~~~~~~~~~~~~~~~~~~~~~~~~~~~~~~~~~~~~~~~~~~~~~~

src/components/app-header.tsx:21:9 - error TS7026: JSX element implicitly has type 'any' because no interface 'JSX.IntrinsicElements' exists.

21         <div className="flex items-baseline gap-4">
           ~~~~~~~~~~~~~~~~~~~~~~~~~~~~~~~~~~~~~~~~~~~

src/components/app-header.tsx:23:13 - error TS7026: JSX element implicitly has type 'any' because no interface 'JSX.IntrinsicElements' exists.

23             <span>Placeholder</span>
               ~~~~~~

src/components/app-header.tsx:23:30 - error TS7026: JSX element implicitly has type 'any' because no interface 'JSX.IntrinsicElements' exists.

23             <span>Placeholder</span>
                                ~~~~~~~

src/components/app-header.tsx:25:11 - error TS7026: JSX element implicitly has type 'any' because no interface 'JSX.IntrinsicElements' exists.

25           <div className="hidden md:flex items-center">
             ~~~~~~~~~~~~~~~~~~~~~~~~~~~~~~~~~~~~~~~~~~~~~

src/components/app-header.tsx:26:13 - error TS7026: JSX element implicitly has type 'any' because no interface 'JSX.IntrinsicElements' exists.

26             <ul className="flex gap-4 flex-nowrap items-center">
               ~~~~~~~~~~~~~~~~~~~~~~~~~~~~~~~~~~~~~~~~~~~~~~~~~~~~

src/components/app-header.tsx:28:17 - error TS7026: JSX element implicitly has type 'any' because no interface 'JSX.IntrinsicElements' exists.

28                 <li key={path}>
                   ~~~~~~~~~~~~~~~

src/components/app-header.tsx:35:17 - error TS7026: JSX element implicitly has type 'any' because no interface 'JSX.IntrinsicElements' exists.

35                 </li>
                   ~~~~~

src/components/app-header.tsx:37:13 - error TS7026: JSX element implicitly has type 'any' because no interface 'JSX.IntrinsicElements' exists.

37             </ul>
               ~~~~~

src/components/app-header.tsx:38:11 - error TS7026: JSX element implicitly has type 'any' because no interface 'JSX.IntrinsicElements' exists.

38           </div>
             ~~~~~~

src/components/app-header.tsx:39:9 - error TS7026: JSX element implicitly has type 'any' because no interface 'JSX.IntrinsicElements' exists.

39         </div>
           ~~~~~~

src/components/app-header.tsx:45:9 - error TS7026: JSX element implicitly has type 'any' because no interface 'JSX.IntrinsicElements' exists.

45         <div className="hidden md:flex items-center gap-4">
           ~~~~~~~~~~~~~~~~~~~~~~~~~~~~~~~~~~~~~~~~~~~~~~~~~~~

src/components/app-header.tsx:49:9 - error TS7026: JSX element implicitly has type 'any' because no interface 'JSX.IntrinsicElements' exists.

49         </div>
           ~~~~~~

src/components/app-header.tsx:52:11 - error TS7026: JSX element implicitly has type 'any' because no interface 'JSX.IntrinsicElements' exists.

52           <div className="md:hidden fixed inset-x-0 top-[52px] bottom-0 bg-neutral-100/95 dark:bg-neutral-900/95 backdrop-blur-sm">
             ~~~~~~~~~~~~~~~~~~~~~~~~~~~~~~~~~~~~~~~~~~~~~~~~~~~~~~~~~~~~~~~~~~~~~~~~~~~~~~~~~~~~~~~~~~~~~~~~~~~~~~~~~~~~~~~~~~~~~~~~~

src/components/app-header.tsx:53:13 - error TS7026: JSX element implicitly has type 'any' because no interface 'JSX.IntrinsicElements' exists.

53             <div className="flex flex-col p-4 gap-4 border-t dark:border-neutral-800">
               ~~~~~~~~~~~~~~~~~~~~~~~~~~~~~~~~~~~~~~~~~~~~~~~~~~~~~~~~~~~~~~~~~~~~~~~~~~

src/components/app-header.tsx:54:15 - error TS7026: JSX element implicitly has type 'any' because no interface 'JSX.IntrinsicElements' exists.

54               <ul className="flex flex-col gap-4">
                 ~~~~~~~~~~~~~~~~~~~~~~~~~~~~~~~~~~~~

src/components/app-header.tsx:56:19 - error TS7026: JSX element implicitly has type 'any' because no interface 'JSX.IntrinsicElements' exists.

56                   <li key={path}>
                     ~~~~~~~~~~~~~~~

src/components/app-header.tsx:64:19 - error TS7026: JSX element implicitly has type 'any' because no interface 'JSX.IntrinsicElements' exists.

64                   </li>
                     ~~~~~

src/components/app-header.tsx:66:15 - error TS7026: JSX element implicitly has type 'any' because no interface 'JSX.IntrinsicElements' exists.

66               </ul>
                 ~~~~~

src/components/app-header.tsx:67:15 - error TS7026: JSX element implicitly has type 'any' because no interface 'JSX.IntrinsicElements' exists.

67               <div className="flex flex-col gap-4">
                 ~~~~~~~~~~~~~~~~~~~~~~~~~~~~~~~~~~~~~

src/components/app-header.tsx:71:15 - error TS7026: JSX element implicitly has type 'any' because no interface 'JSX.IntrinsicElements' exists.

71               </div>
                 ~~~~~~

src/components/app-header.tsx:72:13 - error TS7026: JSX element implicitly has type 'any' because no interface 'JSX.IntrinsicElements' exists.

72             </div>
               ~~~~~~

src/components/app-header.tsx:73:11 - error TS7026: JSX element implicitly has type 'any' because no interface 'JSX.IntrinsicElements' exists.

73           </div>
             ~~~~~~

src/components/app-header.tsx:75:7 - error TS7026: JSX element implicitly has type 'any' because no interface 'JSX.IntrinsicElements' exists.

75       </div>
         ~~~~~~

src/components/app-header.tsx:76:5 - error TS7026: JSX element implicitly has type 'any' because no interface 'JSX.IntrinsicElements' exists.

76     </header>
       ~~~~~~~~~

src/components/app-hero.tsx:1:19 - error TS7016: Could not find a declaration file for module 'react'. '/home/anarchsun/RustroverProjects/anarcrypt.sol/anaheim-putsch-govdapp/node_modules/.pnpm/react@19.1.0/node_modules/react/index.js' implicitly has an 'any' type.
  Try `npm i --save-dev @types/react` if it exists or add a new declaration (.d.ts) file containing `declare module 'react';`

1 import React from 'react'
                    ~~~~~~~

src/components/app-hero.tsx:13:5 - error TS7026: JSX element implicitly has type 'any' because no interface 'JSX.IntrinsicElements' exists.

13     <div className="flex flex-row justify-center py-[16px] md:py-[64px]">
       ~~~~~~~~~~~~~~~~~~~~~~~~~~~~~~~~~~~~~~~~~~~~~~~~~~~~~~~~~~~~~~~~~~~~~

src/components/app-hero.tsx:14:7 - error TS7026: JSX element implicitly has type 'any' because no interface 'JSX.IntrinsicElements' exists.

14       <div className="text-center">
         ~~~~~~~~~~~~~~~~~~~~~~~~~~~~~

src/components/app-hero.tsx:15:9 - error TS7026: JSX element implicitly has type 'any' because no interface 'JSX.IntrinsicElements' exists.

15         <div className="max-w-2xl">
           ~~~~~~~~~~~~~~~~~~~~~~~~~~~

src/components/app-hero.tsx:16:40 - error TS7026: JSX element implicitly has type 'any' because no interface 'JSX.IntrinsicElements' exists.

16           {typeof title === 'string' ? <h1 className="text-5xl font-bold">{title}</h1> : title}
                                          ~~~~~~~~~~~~~~~~~~~~~~~~~~~~~~~~~~~

src/components/app-hero.tsx:16:82 - error TS7026: JSX element implicitly has type 'any' because no interface 'JSX.IntrinsicElements' exists.

16           {typeof title === 'string' ? <h1 className="text-5xl font-bold">{title}</h1> : title}
                                                                                    ~~~~~

src/components/app-hero.tsx:17:43 - error TS7026: JSX element implicitly has type 'any' because no interface 'JSX.IntrinsicElements' exists.

17           {typeof subtitle === 'string' ? <p className="pt-4 md:py-6">{subtitle}</p> : subtitle}
                                             ~~~~~~~~~~~~~~~~~~~~~~~~~~~~

src/components/app-hero.tsx:17:81 - error TS7026: JSX element implicitly has type 'any' because no interface 'JSX.IntrinsicElements' exists.

17           {typeof subtitle === 'string' ? <p className="pt-4 md:py-6">{subtitle}</p> : subtitle}
                                                                                   ~~~~

src/components/app-hero.tsx:19:9 - error TS7026: JSX element implicitly has type 'any' because no interface 'JSX.IntrinsicElements' exists.

19         </div>
           ~~~~~~

src/components/app-hero.tsx:20:7 - error TS7026: JSX element implicitly has type 'any' because no interface 'JSX.IntrinsicElements' exists.

20       </div>
         ~~~~~~

src/components/app-hero.tsx:21:5 - error TS7026: JSX element implicitly has type 'any' because no interface 'JSX.IntrinsicElements' exists.

21     </div>
       ~~~~~~

src/components/app-layout.tsx:6:19 - error TS7016: Could not find a declaration file for module 'react'. '/home/anarchsun/RustroverProjects/anarcrypt.sol/anaheim-putsch-govdapp/node_modules/.pnpm/react@19.1.0/node_modules/react/index.js' implicitly has an 'any' type.
  Try `npm i --save-dev @types/react` if it exists or add a new declaration (.d.ts) file containing `declare module 'react';`

6 import React from 'react'
                    ~~~~~~~

src/components/app-layout.tsx:9:32 - error TS2307: Cannot find module '@/components/account/account-ui' or its corresponding type declarations.

9 import { AccountChecker } from '@/components/account/account-ui'
                                 ~~~~~~~~~~~~~~~~~~~~~~~~~~~~~~~~~

src/components/app-layout.tsx:20:7 - error TS7026: JSX element implicitly has type 'any' because no interface 'JSX.IntrinsicElements' exists.

20       <div className="flex flex-col min-h-screen">
         ~~~~~~~~~~~~~~~~~~~~~~~~~~~~~~~~~~~~~~~~~~~~

src/components/app-layout.tsx:22:9 - error TS7026: JSX element implicitly has type 'any' because no interface 'JSX.IntrinsicElements' exists.

22         <main className="flex-grow container mx-auto p-4">
           ~~~~~~~~~~~~~~~~~~~~~~~~~~~~~~~~~~~~~~~~~~~~~~~~~~

src/components/app-layout.tsx:23:12 - error TS2741: Property 'children' is missing in type '{}' but required in type '{ children: ReactNode; }'.

23           <ClusterChecker>
              ~~~~~~~~~~~~~~

  src/components/cluster/cluster-ui.tsx:31:48
    31 export function ClusterChecker({ children }: { children: ReactNode }) {
                                                      ~~~~~~~~
    'children' is declared here.

src/components/app-layout.tsx:27:9 - error TS7026: JSX element implicitly has type 'any' because no interface 'JSX.IntrinsicElements' exists.

27         </main>
           ~~~~~~~

src/components/app-layout.tsx:29:7 - error TS7026: JSX element implicitly has type 'any' because no interface 'JSX.IntrinsicElements' exists.

29       </div>
         ~~~~~~

src/components/app-modal.tsx:1:24 - error TS2307: Cannot find module '@/components/ui/button' or its corresponding type declarations.

1 import { Button } from '@/components/ui/button'
                         ~~~~~~~~~~~~~~~~~~~~~~~~

src/components/app-modal.tsx:2:95 - error TS2307: Cannot find module '@/components/ui/dialog' or its corresponding type declarations.

2 import { Dialog, DialogContent, DialogFooter, DialogHeader, DialogTitle, DialogTrigger } from '@/components/ui/dialog'
                                                                                                ~~~~~~~~~~~~~~~~~~~~~~~~

src/components/app-modal.tsx:3:27 - error TS7016: Could not find a declaration file for module 'react'. '/home/anarchsun/RustroverProjects/anarcrypt.sol/anaheim-putsch-govdapp/node_modules/.pnpm/react@19.1.0/node_modules/react/index.js' implicitly has an 'any' type.
  Try `npm i --save-dev @types/react` if it exists or add a new declaration (.d.ts) file containing `declare module 'react';`

3 import { ReactNode } from 'react'
                            ~~~~~~~

src/components/app-modal.tsx:27:9 - error TS7026: JSX element implicitly has type 'any' because no interface 'JSX.IntrinsicElements' exists.

27         <div className="grid gap-4 py-4">{children}</div>
           ~~~~~~~~~~~~~~~~~~~~~~~~~~~~~~~~~

src/components/app-modal.tsx:27:52 - error TS7026: JSX element implicitly has type 'any' because no interface 'JSX.IntrinsicElements' exists.

27         <div className="grid gap-4 py-4">{children}</div>
                                                      ~~~~~~

src/components/app-providers.tsx:3:31 - error TS2307: Cannot find module '@/components/theme-provider' or its corresponding type declarations.

3 import { ThemeProvider } from '@/components/theme-provider'
                                ~~~~~~~~~~~~~~~~~~~~~~~~~~~~~

src/components/app-providers.tsx:5:32 - error TS2307: Cannot find module '@/components/solana/solana-provider' or its corresponding type declarations.

5 import { SolanaProvider } from '@/components/solana/solana-provider'
                                 ~~~~~~~~~~~~~~~~~~~~~~~~~~~~~~~~~~~~~

src/components/app-providers.tsx:6:19 - error TS7016: Could not find a declaration file for module 'react'. '/home/anarchsun/RustroverProjects/anarcrypt.sol/anaheim-putsch-govdapp/node_modules/.pnpm/react@19.1.0/node_modules/react/index.js' implicitly has an 'any' type.
  Try `npm i --save-dev @types/react` if it exists or add a new declaration (.d.ts) file containing `declare module 'react';`

6 import React from 'react'
                    ~~~~~~~

src/components/app-providers.tsx:10:6 - error TS2741: Property 'children' is missing in type '{}' but required in type '{ children: React.ReactNode; }'.

10     <ReactQueryProvider>
        ~~~~~~~~~~~~~~~~~~

  src/components/react-query-provider.tsx:27:52
    27 export function ReactQueryProvider({ children }: { children: React.ReactNode }) {
                                                          ~~~~~~~~
    'children' is declared here.

src/components/cluster/cluster-ui.tsx:3:26 - error TS2307: Cannot find module '@tanstack/react-query' or its corresponding type declarations.

3 import { useQuery } from '@tanstack/react-query'
                           ~~~~~~~~~~~~~~~~~~~~~~~

src/components/cluster/cluster-ui.tsx:4:24 - error TS7016: Could not find a declaration file for module 'react'. '/home/anarchsun/RustroverProjects/anarcrypt.sol/anaheim-putsch-govdapp/node_modules/.pnpm/react@19.1.0/node_modules/react/index.js' implicitly has an 'any' type.
  Try `npm i --save-dev @types/react` if it exists or add a new declaration (.d.ts) file containing `declare module 'react';`

4 import * as React from 'react'
                         ~~~~~~~

src/components/cluster/cluster-ui.tsx:5:27 - error TS7016: Could not find a declaration file for module 'react'. '/home/anarchsun/RustroverProjects/anarcrypt.sol/anaheim-putsch-govdapp/node_modules/.pnpm/react@19.1.0/node_modules/react/index.js' implicitly has an 'any' type.
  Try `npm i --save-dev @types/react` if it exists or add a new declaration (.d.ts) file containing `declare module 'react';`

5 import { ReactNode } from 'react'
                            ~~~~~~~

src/components/cluster/cluster-ui.tsx:6:54 - error TS2307: Cannot find module 'gill' or its corresponding type declarations.

6 import { getExplorerLink, GetExplorerLinkArgs } from 'gill'
                                                       ~~~~~~

src/components/cluster/cluster-ui.tsx:7:24 - error TS2307: Cannot find module '@/components/ui/button' or its corresponding type declarations.

7 import { Button } from '@/components/ui/button'
                         ~~~~~~~~~~~~~~~~~~~~~~~~

src/components/cluster/cluster-ui.tsx:8:26 - error TS2307: Cannot find module '@/components/app-alert' or its corresponding type declarations.

8 import { AppAlert } from '@/components/app-alert'
                           ~~~~~~~~~~~~~~~~~~~~~~~~

src/components/cluster/cluster-ui.tsx:9:49 - error TS2307: Cannot find module '@wallet-ui/react' or its corresponding type declarations.

9 import { useWalletUi, useWalletUiCluster } from '@wallet-ui/react'
                                                  ~~~~~~~~~~~~~~~~~~

src/components/cluster/cluster-ui.tsx:20:5 - error TS7026: JSX element implicitly has type 'any' because no interface 'JSX.IntrinsicElements' exists.

 20     <a
        ~~
 21       href={getExplorerLink(link)}
    ~~~~~~~~~~~~~~~~~~~~~~~~~~~~~~~~~~
...
 24       className={className ? className : `link font-mono`}
    ~~~~~~~~~~~~~~~~~~~~~~~~~~~~~~~~~~~~~~~~~~~~~~~~~~~~~~~~~~
 25     >
    ~~~~~

src/components/cluster/cluster-ui.tsx:27:5 - error TS7026: JSX element implicitly has type 'any' because no interface 'JSX.IntrinsicElements' exists.

27     </a>
       ~~~~

src/components/cluster/cluster-ui.tsx:52:37 - error TS7026: JSX element implicitly has type 'any' because no interface 'JSX.IntrinsicElements' exists.

52         Error connecting to cluster <span className="font-bold">{cluster.label}</span>.
                                       ~~~~~~~~~~~~~~~~~~~~~~~~~~~~

src/components/cluster/cluster-ui.tsx:52:80 - error TS7026: JSX element implicitly has type 'any' because no interface 'JSX.IntrinsicElements' exists.

52         Error connecting to cluster <span className="font-bold">{cluster.label}</span>.
                                                                                  ~~~~~~~

src/components/dashboard/dashboard-feature.tsx:1:25 - error TS2307: Cannot find module '@/components/app-hero' or its corresponding type declarations.

1 import { AppHero } from '@/components/app-hero'
                          ~~~~~~~~~~~~~~~~~~~~~~~

src/components/dashboard/dashboard-feature.tsx:13:5 - error TS7026: JSX element implicitly has type 'any' because no interface 'JSX.IntrinsicElements' exists.

13     <div>
       ~~~~~

src/components/dashboard/dashboard-feature.tsx:15:7 - error TS7026: JSX element implicitly has type 'any' because no interface 'JSX.IntrinsicElements' exists.

15       <div className="max-w-xl mx-auto py-6 sm:px-6 lg:px-8 text-center">
         ~~~~~~~~~~~~~~~~~~~~~~~~~~~~~~~~~~~~~~~~~~~~~~~~~~~~~~~~~~~~~~~~~~~

src/components/dashboard/dashboard-feature.tsx:16:9 - error TS7026: JSX element implicitly has type 'any' because no interface 'JSX.IntrinsicElements' exists.

16         <div className="space-y-2">
           ~~~~~~~~~~~~~~~~~~~~~~~~~~~

src/components/dashboard/dashboard-feature.tsx:17:11 - error TS7026: JSX element implicitly has type 'any' because no interface 'JSX.IntrinsicElements' exists.

17           <p>Here are some helpful links to get you started.</p>
             ~~~

src/components/dashboard/dashboard-feature.tsx:17:61 - error TS7026: JSX element implicitly has type 'any' because no interface 'JSX.IntrinsicElements' exists.

17           <p>Here are some helpful links to get you started.</p>
                                                               ~~~~

src/components/dashboard/dashboard-feature.tsx:19:13 - error TS7026: JSX element implicitly has type 'any' because no interface 'JSX.IntrinsicElements' exists.

19             <div key={index}>
               ~~~~~~~~~~~~~~~~~

src/components/dashboard/dashboard-feature.tsx:20:15 - error TS7026: JSX element implicitly has type 'any' because no interface 'JSX.IntrinsicElements' exists.

 20               <a
                  ~~
 21                 href={link.href}
    ~~~~~~~~~~~~~~~~~~~~~~~~~~~~~~~~
...
 24                 rel="noopener noreferrer"
    ~~~~~~~~~~~~~~~~~~~~~~~~~~~~~~~~~~~~~~~~~
 25               >
    ~~~~~~~~~~~~~~~

src/components/dashboard/dashboard-feature.tsx:27:15 - error TS7026: JSX element implicitly has type 'any' because no interface 'JSX.IntrinsicElements' exists.

27               </a>
                 ~~~~

src/components/dashboard/dashboard-feature.tsx:28:13 - error TS7026: JSX element implicitly has type 'any' because no interface 'JSX.IntrinsicElements' exists.

28             </div>
               ~~~~~~

src/components/dashboard/dashboard-feature.tsx:30:9 - error TS7026: JSX element implicitly has type 'any' because no interface 'JSX.IntrinsicElements' exists.

30         </div>
           ~~~~~~

src/components/dashboard/dashboard-feature.tsx:31:7 - error TS7026: JSX element implicitly has type 'any' because no interface 'JSX.IntrinsicElements' exists.

31       </div>
         ~~~~~~

src/components/dashboard/dashboard-feature.tsx:32:5 - error TS7026: JSX element implicitly has type 'any' because no interface 'JSX.IntrinsicElements' exists.

32     </div>
       ~~~~~~

src/components/mining/mining-panel.tsx:3:53 - error TS7016: Could not find a declaration file for module 'react'. '/home/anarchsun/RustroverProjects/anarcrypt.sol/anaheim-putsch-govdapp/node_modules/.pnpm/react@19.1.0/node_modules/react/index.js' implicitly has an 'any' type.
  Try `npm i --save-dev @types/react` if it exists or add a new declaration (.d.ts) file containing `declare module 'react';`

3 import React, { useState, useEffect, useMemo } from 'react';
                                                      ~~~~~~~

src/components/mining/mining-panel.tsx:81:32 - error TS2349: This expression is not callable.
  Type 'typeof import("/home/anarchsun/RustroverProjects/anarcrypt.sol/anaheim-putsch-govdapp/node_modules/.pnpm/date-fns@4.1.0/node_modules/date-fns/formatDistanceToNowStrict")' has no call signatures.

81     return `Dernier minage : ${formatDistanceToNowStrict(lastClaim, { locale: fr })}`;
                                  ~~~~~~~~~~~~~~~~~~~~~~~~~

src/components/mining/mining-panel.tsx:88:29 - error TS2349: This expression is not callable.
  Type 'typeof import("/home/anarchsun/RustroverProjects/anarcrypt.sol/anaheim-putsch-govdapp/node_modules/.pnpm/date-fns@4.1.0/node_modules/date-fns/add")' has no call signatures.

88       const nextClaimDate = add(lastClaim, { days: 1 });
                               ~~~

src/components/mining/mining-panel.tsx:89:14 - error TS2349: This expression is not callable.
  Type 'typeof import("/home/anarchsun/RustroverProjects/anarcrypt.sol/anaheim-putsch-govdapp/node_modules/.pnpm/date-fns@4.1.0/node_modules/date-fns/formatDistance")' has no call signatures.

89       return formatDistance(new Date(), nextClaimDate, { addSuffix: true, locale: fr });
                ~~~~~~~~~~~~~~

src/components/mining/mining-panel.tsx:111:5 - error TS7026: JSX element implicitly has type 'any' because no interface 'JSX.IntrinsicElements' exists.

111     <div
        ~~~~
112       className="p-4 border rounded-xl bg-gray-900 text-white space-y-3 max-w-sm mx-auto"
    ~~~~~~~~~~~~~~~~~~~~~~~~~~~~~~~~~~~~~~~~~~~~~~~~~~~~~~~~~~~~~~~~~~~~~~~~~~~~~~~~~~~~~~~~~
...
114       role="status"
    ~~~~~~~~~~~~~~~~~~~
115     >
    ~~~~~

src/components/mining/mining-panel.tsx:116:7 - error TS7026: JSX element implicitly has type 'any' because no interface 'JSX.IntrinsicElements' exists.

116       <h2 className="text-xl font-bold">Panneau de Minage</h2>
          ~~~~~~~~~~~~~~~~~~~~~~~~~~~~~~~~~~

src/components/mining/mining-panel.tsx:116:58 - error TS7026: JSX element implicitly has type 'any' because no interface 'JSX.IntrinsicElements' exists.

116       <h2 className="text-xl font-bold">Panneau de Minage</h2>
                                                             ~~~~~

src/components/mining/mining-panel.tsx:119:9 - error TS7026: JSX element implicitly has type 'any' because no interface 'JSX.IntrinsicElements' exists.

119         <p className="text-green-400 font-semibold text-center animate-pulse">
            ~~~~~~~~~~~~~~~~~~~~~~~~~~~~~~~~~~~~~~~~~~~~~~~~~~~~~~~~~~~~~~~~~~~~~~

src/components/mining/mining-panel.tsx:121:9 - error TS7026: JSX element implicitly has type 'any' because no interface 'JSX.IntrinsicElements' exists.

121         </p>
            ~~~~

src/components/mining/mining-panel.tsx:124:7 - error TS7026: JSX element implicitly has type 'any' because no interface 'JSX.IntrinsicElements' exists.

124       <p className={`text-red-500 font-bold ${canClaim ? 'animate-pulse' : ''}`}>
          ~~~~~~~~~~~~~~~~~~~~~~~~~~~~~~~~~~~~~~~~~~~~~~~~~~~~~~~~~~~~~~~~~~~~~~~~~~~

src/components/mining/mining-panel.tsx:126:7 - error TS7026: JSX element implicitly has type 'any' because no interface 'JSX.IntrinsicElements' exists.

126       </p>
          ~~~~

src/components/mining/mining-panel.tsx:129:9 - error TS7026: JSX element implicitly has type 'any' because no interface 'JSX.IntrinsicElements' exists.

129         <p className="text-sm text-gray-400">Prochaine réclamation : {nextClaimIn}</p>
            ~~~~~~~~~~~~~~~~~~~~~~~~~~~~~~~~~~~~~

src/components/mining/mining-panel.tsx:129:83 - error TS7026: JSX element implicitly has type 'any' because no interface 'JSX.IntrinsicElements' exists.

129         <p className="text-sm text-gray-400">Prochaine réclamation : {nextClaimIn}</p>
                                                                                      ~~~~

src/components/mining/mining-panel.tsx:132:7 - error TS7026: JSX element implicitly has type 'any' because no interface 'JSX.IntrinsicElements' exists.

132       <div className="h-2 bg-gray-700 rounded overflow-hidden">
          ~~~~~~~~~~~~~~~~~~~~~~~~~~~~~~~~~~~~~~~~~~~~~~~~~~~~~~~~~

src/components/mining/mining-panel.tsx:133:9 - error TS7026: JSX element implicitly has type 'any' because no interface 'JSX.IntrinsicElements' exists.

133         <div
            ~~~~
134           className="h-full bg-green-500 transition-all duration-500 ease-in-out"
    ~~~~~~~~~~~~~~~~~~~~~~~~~~~~~~~~~~~~~~~~~~~~~~~~~~~~~~~~~~~~~~~~~~~~~~~~~~~~~~~~~
135           style={{ width: `${progress}%` }}
    ~~~~~~~~~~~~~~~~~~~~~~~~~~~~~~~~~~~~~~~~~~~
136         />
    ~~~~~~~~~~

src/components/mining/mining-panel.tsx:137:7 - error TS7026: JSX element implicitly has type 'any' because no interface 'JSX.IntrinsicElements' exists.

137       </div>
          ~~~~~~

src/components/mining/mining-panel.tsx:139:7 - error TS7026: JSX element implicitly has type 'any' because no interface 'JSX.IntrinsicElements' exists.

139       <button
          ~~~~~~~
140         className={`w-full px-4 py-2 rounded font-semibold transition-all ${
    ~~~~~~~~~~~~~~~~~~~~~~~~~~~~~~~~~~~~~~~~~~~~~~~~~~~~~~~~~~~~~~~~~~~~~~~~~~~~
...
146         aria-label={canClaim ? 'Réclamer une récompense' : 'Réclamation indisponible, réessayez plus tard'}
    ~~~~~~~~~~~~~~~~~~~~~~~~~~~~~~~~~~~~~~~~~~~~~~~~~~~~~~~~~~~~~~~~~~~~~~~~~~~~~~~~~~~~~~~~~~~~~~~~~~~~~~~~~~~
147       >
    ~~~~~~~

src/components/mining/mining-panel.tsx:149:7 - error TS7026: JSX element implicitly has type 'any' because no interface 'JSX.IntrinsicElements' exists.

149       </button>
          ~~~~~~~~~

src/components/mining/mining-panel.tsx:150:5 - error TS7026: JSX element implicitly has type 'any' because no interface 'JSX.IntrinsicElements' exists.

150     </div>
        ~~~~~~

src/components/react-query-provider.tsx:4:60 - error TS2307: Cannot find module '@tanstack/react-query' or its corresponding type declarations.

4 import { isServer, QueryClient, QueryClientProvider } from '@tanstack/react-query'
                                                             ~~~~~~~~~~~~~~~~~~~~~~~

src/components/react-query-provider.tsx:27:62 - error TS2503: Cannot find namespace 'React'.

27 export function ReactQueryProvider({ children }: { children: React.ReactNode }) {
                                                                ~~~~~

src/components/solana/solana-provider.tsx:3:21 - error TS2307: Cannot find module 'next/dynamic' or its corresponding type declarations.

3 import dynamic from 'next/dynamic'
                      ~~~~~~~~~~~~~~

src/components/solana/solana-provider.tsx:4:27 - error TS7016: Could not find a declaration file for module 'react'. '/home/anarchsun/RustroverProjects/anarcrypt.sol/anaheim-putsch-govdapp/node_modules/.pnpm/react@19.1.0/node_modules/react/index.js' implicitly has an 'any' type.
  Try `npm i --save-dev @types/react` if it exists or add a new declaration (.d.ts) file containing `declare module 'react';`

4 import { ReactNode } from 'react'
                            ~~~~~~~

src/components/solana/solana-provider.tsx:5:90 - error TS2307: Cannot find module '@wallet-ui/react' or its corresponding type declarations.

5 import { createSolanaDevnet, createSolanaLocalnet, createWalletUiConfig, WalletUi } from '@wallet-ui/react'
                                                                                           ~~~~~~~~~~~~~~~~~~

src/components/solana/solana-provider.tsx:8:63 - error TS2307: Cannot find module '@wallet-ui/react' or its corresponding type declarations.

8 export const WalletButton = dynamic(async () => (await import('@wallet-ui/react')).WalletUiDropdown, {
                                                                ~~~~~~~~~~~~~~~~~~

src/components/solana/solana-provider.tsx:11:64 - error TS2307: Cannot find module '@wallet-ui/react' or its corresponding type declarations.

11 export const ClusterButton = dynamic(async () => (await import('@wallet-ui/react')).WalletUiClusterDropdown, {
                                                                  ~~~~~~~~~~~~~~~~~~

src/components/theme-provider.tsx:3:24 - error TS7016: Could not find a declaration file for module 'react'. '/home/anarchsun/RustroverProjects/anarcrypt.sol/anaheim-putsch-govdapp/node_modules/.pnpm/react@19.1.0/node_modules/react/index.js' implicitly has an 'any' type.
  Try `npm i --save-dev @types/react` if it exists or add a new declaration (.d.ts) file containing `declare module 'react';`

3 import * as React from 'react'
                         ~~~~~~~

src/components/theme-provider.tsx:4:53 - error TS2307: Cannot find module 'next-themes' or its corresponding type declarations.

4 import { ThemeProvider as NextThemesProvider } from 'next-themes'
                                                      ~~~~~~~~~~~~~

src/components/theme-select.tsx:3:24 - error TS7016: Could not find a declaration file for module 'react'. '/home/anarchsun/RustroverProjects/anarcrypt.sol/anaheim-putsch-govdapp/node_modules/.pnpm/react@19.1.0/node_modules/react/index.js' implicitly has an 'any' type.
  Try `npm i --save-dev @types/react` if it exists or add a new declaration (.d.ts) file containing `declare module 'react';`

3 import * as React from 'react'
                         ~~~~~~~

src/components/theme-select.tsx:4:27 - error TS2307: Cannot find module 'lucide-react' or its corresponding type declarations.

4 import { Moon, Sun } from 'lucide-react'
                            ~~~~~~~~~~~~~~

src/components/theme-select.tsx:5:26 - error TS2307: Cannot find module 'next-themes' or its corresponding type declarations.

5 import { useTheme } from 'next-themes'
                           ~~~~~~~~~~~~~

src/components/theme-select.tsx:7:24 - error TS2307: Cannot find module '@/components/ui/button' or its corresponding type declarations.

7 import { Button } from '@/components/ui/button'
                         ~~~~~~~~~~~~~~~~~~~~~~~~

src/components/theme-select.tsx:8:90 - error TS2307: Cannot find module '@/components/ui/dropdown-menu' or its corresponding type declarations.

8 import { DropdownMenu, DropdownMenuContent, DropdownMenuItem, DropdownMenuTrigger } from '@/components/ui/dropdown-menu'
                                                                                           ~~~~~~~~~~~~~~~~~~~~~~~~~~~~~~~

src/components/theme-select.tsx:19:11 - error TS7026: JSX element implicitly has type 'any' because no interface 'JSX.IntrinsicElements' exists.

19           <span className="sr-only">Toggle theme</span>
             ~~~~~~~~~~~~~~~~~~~~~~~~~~

src/components/theme-select.tsx:19:49 - error TS7026: JSX element implicitly has type 'any' because no interface 'JSX.IntrinsicElements' exists.

19           <span className="sr-only">Toggle theme</span>
                                                   ~~~~~~~

src/components/ui/alert.tsx:1:24 - error TS7016: Could not find a declaration file for module 'react'. '/home/anarchsun/RustroverProjects/anarcrypt.sol/anaheim-putsch-govdapp/node_modules/.pnpm/react@19.1.0/node_modules/react/index.js' implicitly has an 'any' type.
  Try `npm i --save-dev @types/react` if it exists or add a new declaration (.d.ts) file containing `declare module 'react';`

1 import * as React from 'react'
                         ~~~~~~~

src/components/ui/alert.tsx:2:40 - error TS2307: Cannot find module 'class-variance-authority' or its corresponding type declarations.

2 import { cva, type VariantProps } from 'class-variance-authority'
                                         ~~~~~~~~~~~~~~~~~~~~~~~~~~

src/components/ui/alert.tsx:4:20 - error TS2307: Cannot find module '@/lib/utils' or its corresponding type declarations.

4 import { cn } from '@/lib/utils'
                     ~~~~~~~~~~~~~

src/components/ui/alert.tsx:25:10 - error TS7026: JSX element implicitly has type 'any' because no interface 'JSX.IntrinsicElements' exists.

25   return <div data-slot="alert" role="alert" className={cn(alertVariants({ variant }), className)} {...props} />
            ~~~~~~~~~~~~~~~~~~~~~~~~~~~~~~~~~~~~~~~~~~~~~~~~~~~~~~~~~~~~~~~~~~~~~~~~~~~~~~~~~~~~~~~~~~~~~~~~~~~~~~~

src/components/ui/alert.tsx:30:5 - error TS7026: JSX element implicitly has type 'any' because no interface 'JSX.IntrinsicElements' exists.

 30     <div
        ~~~~
 31       data-slot="alert-title"
    ~~~~~~~~~~~~~~~~~~~~~~~~~~~~~
...
 33       {...props}
    ~~~~~~~~~~~~~~~~
 34     />
    ~~~~~~

src/components/ui/alert.tsx:40:5 - error TS7026: JSX element implicitly has type 'any' because no interface 'JSX.IntrinsicElements' exists.

 40     <div
        ~~~~
 41       data-slot="alert-description"
    ~~~~~~~~~~~~~~~~~~~~~~~~~~~~~~~~~~~
...
 46       {...props}
    ~~~~~~~~~~~~~~~~
 47     />
    ~~~~~~

src/components/ui/button.tsx:1:24 - error TS7016: Could not find a declaration file for module 'react'. '/home/anarchsun/RustroverProjects/anarcrypt.sol/anaheim-putsch-govdapp/node_modules/.pnpm/react@19.1.0/node_modules/react/index.js' implicitly has an 'any' type.
  Try `npm i --save-dev @types/react` if it exists or add a new declaration (.d.ts) file containing `declare module 'react';`

1 import * as React from 'react'
                         ~~~~~~~

src/components/ui/button.tsx:2:22 - error TS2307: Cannot find module '@radix-ui/react-slot' or its corresponding type declarations.

2 import { Slot } from '@radix-ui/react-slot'
                       ~~~~~~~~~~~~~~~~~~~~~~

src/components/ui/button.tsx:3:40 - error TS2307: Cannot find module 'class-variance-authority' or its corresponding type declarations.

3 import { cva, type VariantProps } from 'class-variance-authority'
                                         ~~~~~~~~~~~~~~~~~~~~~~~~~~

src/components/ui/button.tsx:5:20 - error TS2307: Cannot find module '@/lib/utils' or its corresponding type declarations.

5 import { cn } from '@/lib/utils'
                     ~~~~~~~~~~~~~

src/components/ui/dialog.tsx:3:24 - error TS7016: Could not find a declaration file for module 'react'. '/home/anarchsun/RustroverProjects/anarcrypt.sol/anaheim-putsch-govdapp/node_modules/.pnpm/react@19.1.0/node_modules/react/index.js' implicitly has an 'any' type.
  Try `npm i --save-dev @types/react` if it exists or add a new declaration (.d.ts) file containing `declare module 'react';`

3 import * as React from 'react'
                         ~~~~~~~

src/components/ui/dialog.tsx:4:34 - error TS2307: Cannot find module '@radix-ui/react-dialog' or its corresponding type declarations.

4 import * as DialogPrimitive from '@radix-ui/react-dialog'
                                   ~~~~~~~~~~~~~~~~~~~~~~~~

src/components/ui/dialog.tsx:5:23 - error TS2307: Cannot find module 'lucide-react' or its corresponding type declarations.

5 import { XIcon } from 'lucide-react'
                        ~~~~~~~~~~~~~~

src/components/ui/dialog.tsx:7:20 - error TS2307: Cannot find module '@/lib/utils' or its corresponding type declarations.

7 import { cn } from '@/lib/utils'
                     ~~~~~~~~~~~~~

src/components/ui/dialog.tsx:53:11 - error TS7026: JSX element implicitly has type 'any' because no interface 'JSX.IntrinsicElements' exists.

53           <span className="sr-only">Close</span>
             ~~~~~~~~~~~~~~~~~~~~~~~~~~

src/components/ui/dialog.tsx:53:42 - error TS7026: JSX element implicitly has type 'any' because no interface 'JSX.IntrinsicElements' exists.

53           <span className="sr-only">Close</span>
                                            ~~~~~~~

src/components/ui/dialog.tsx:62:5 - error TS7026: JSX element implicitly has type 'any' because no interface 'JSX.IntrinsicElements' exists.

 62     <div
        ~~~~
 63       data-slot="dialog-header"
    ~~~~~~~~~~~~~~~~~~~~~~~~~~~~~~~
...
 65       {...props}
    ~~~~~~~~~~~~~~~~
 66     />
    ~~~~~~

src/components/ui/dialog.tsx:72:5 - error TS7026: JSX element implicitly has type 'any' because no interface 'JSX.IntrinsicElements' exists.

 72     <div
        ~~~~
 73       data-slot="dialog-footer"
    ~~~~~~~~~~~~~~~~~~~~~~~~~~~~~~~
...
 75       {...props}
    ~~~~~~~~~~~~~~~~
 76     />
    ~~~~~~

src/components/ui/dropdown-menu.tsx:3:24 - error TS7016: Could not find a declaration file for module 'react'. '/home/anarchsun/RustroverProjects/anarcrypt.sol/anaheim-putsch-govdapp/node_modules/.pnpm/react@19.1.0/node_modules/react/index.js' implicitly has an 'any' type.
  Try `npm i --save-dev @types/react` if it exists or add a new declaration (.d.ts) file containing `declare module 'react';`

3 import * as React from 'react'
                         ~~~~~~~

src/components/ui/dropdown-menu.tsx:4:40 - error TS2307: Cannot find module '@radix-ui/react-dropdown-menu' or its corresponding type declarations.

4 import * as DropdownMenuPrimitive from '@radix-ui/react-dropdown-menu'
                                         ~~~~~~~~~~~~~~~~~~~~~~~~~~~~~~~

src/components/ui/dropdown-menu.tsx:5:57 - error TS2307: Cannot find module 'lucide-react' or its corresponding type declarations.

5 import { CheckIcon, ChevronRightIcon, CircleIcon } from 'lucide-react'
                                                          ~~~~~~~~~~~~~~

src/components/ui/dropdown-menu.tsx:7:20 - error TS2307: Cannot find module '@/lib/utils' or its corresponding type declarations.

7 import { cn } from '@/lib/utils'
                     ~~~~~~~~~~~~~

src/components/ui/dropdown-menu.tsx:84:7 - error TS7026: JSX element implicitly has type 'any' because no interface 'JSX.IntrinsicElements' exists.

84       <span className="pointer-events-none absolute left-2 flex size-3.5 items-center justify-center">
         ~~~~~~~~~~~~~~~~~~~~~~~~~~~~~~~~~~~~~~~~~~~~~~~~~~~~~~~~~~~~~~~~~~~~~~~~~~~~~~~~~~~~~~~~~~~~~~~~

src/components/ui/dropdown-menu.tsx:88:7 - error TS7026: JSX element implicitly has type 'any' because no interface 'JSX.IntrinsicElements' exists.

88       </span>
         ~~~~~~~

src/components/ui/dropdown-menu.tsx:112:7 - error TS7026: JSX element implicitly has type 'any' because no interface 'JSX.IntrinsicElements' exists.

112       <span className="pointer-events-none absolute left-2 flex size-3.5 items-center justify-center">
          ~~~~~~~~~~~~~~~~~~~~~~~~~~~~~~~~~~~~~~~~~~~~~~~~~~~~~~~~~~~~~~~~~~~~~~~~~~~~~~~~~~~~~~~~~~~~~~~~

src/components/ui/dropdown-menu.tsx:116:7 - error TS7026: JSX element implicitly has type 'any' because no interface 'JSX.IntrinsicElements' exists.

116       </span>
          ~~~~~~~

src/components/ui/dropdown-menu.tsx:151:5 - error TS7026: JSX element implicitly has type 'any' because no interface 'JSX.IntrinsicElements' exists.

151     <span
        ~~~~~
152       data-slot="dropdown-menu-shortcut"
    ~~~~~~~~~~~~~~~~~~~~~~~~~~~~~~~~~~~~~~~~
...
154       {...props}
    ~~~~~~~~~~~~~~~~
155     />
    ~~~~~~

src/components/ui/input.tsx:1:24 - error TS7016: Could not find a declaration file for module 'react'. '/home/anarchsun/RustroverProjects/anarcrypt.sol/anaheim-putsch-govdapp/node_modules/.pnpm/react@19.1.0/node_modules/react/index.js' implicitly has an 'any' type.
  Try `npm i --save-dev @types/react` if it exists or add a new declaration (.d.ts) file containing `declare module 'react';`

1 import * as React from 'react'
                         ~~~~~~~

src/components/ui/input.tsx:3:20 - error TS2307: Cannot find module '@/lib/utils' or its corresponding type declarations.

3 import { cn } from '@/lib/utils'
                     ~~~~~~~~~~~~~

src/components/ui/input.tsx:7:5 - error TS7026: JSX element implicitly has type 'any' because no interface 'JSX.IntrinsicElements' exists.

  7     <input
        ~~~~~~
  8       type={type}
    ~~~~~~~~~~~~~~~~~
...
 16       {...props}
    ~~~~~~~~~~~~~~~~
 17     />
    ~~~~~~

src/components/ui/label.tsx:3:24 - error TS7016: Could not find a declaration file for module 'react'. '/home/anarchsun/RustroverProjects/anarcrypt.sol/anaheim-putsch-govdapp/node_modules/.pnpm/react@19.1.0/node_modules/react/index.js' implicitly has an 'any' type.
  Try `npm i --save-dev @types/react` if it exists or add a new declaration (.d.ts) file containing `declare module 'react';`

3 import * as React from 'react'
                         ~~~~~~~

src/components/ui/label.tsx:4:33 - error TS2307: Cannot find module '@radix-ui/react-label' or its corresponding type declarations.

4 import * as LabelPrimitive from '@radix-ui/react-label'
                                  ~~~~~~~~~~~~~~~~~~~~~~~

src/components/ui/label.tsx:6:20 - error TS2307: Cannot find module '@/lib/utils' or its corresponding type declarations.

6 import { cn } from '@/lib/utils'
                     ~~~~~~~~~~~~~

src/components/ui/sonner.tsx:3:26 - error TS2307: Cannot find module 'next-themes' or its corresponding type declarations.

3 import { useTheme } from 'next-themes'
                           ~~~~~~~~~~~~~

src/components/ui/sonner.tsx:4:49 - error TS2307: Cannot find module 'sonner' or its corresponding type declarations.

4 import { Toaster as Sonner, ToasterProps } from 'sonner'
                                                  ~~~~~~~~

src/components/ui/sonner.tsx:18:14 - error TS2503: Cannot find namespace 'React'.

18         } as React.CSSProperties
                ~~~~~

src/components/ui/table.tsx:3:24 - error TS7016: Could not find a declaration file for module 'react'. '/home/anarchsun/RustroverProjects/anarcrypt.sol/anaheim-putsch-govdapp/node_modules/.pnpm/react@19.1.0/node_modules/react/index.js' implicitly has an 'any' type.
  Try `npm i --save-dev @types/react` if it exists or add a new declaration (.d.ts) file containing `declare module 'react';`

3 import * as React from 'react'
                         ~~~~~~~

src/components/ui/table.tsx:5:20 - error TS2307: Cannot find module '@/lib/utils' or its corresponding type declarations.

5 import { cn } from '@/lib/utils'
                     ~~~~~~~~~~~~~

src/components/ui/table.tsx:9:5 - error TS7026: JSX element implicitly has type 'any' because no interface 'JSX.IntrinsicElements' exists.

9     <div data-slot="table-container" className="relative w-full overflow-x-auto">
      ~~~~~~~~~~~~~~~~~~~~~~~~~~~~~~~~~~~~~~~~~~~~~~~~~~~~~~~~~~~~~~~~~~~~~~~~~~~~~

src/components/ui/table.tsx:10:7 - error TS7026: JSX element implicitly has type 'any' because no interface 'JSX.IntrinsicElements' exists.

10       <table data-slot="table" className={cn('w-full caption-bottom text-sm', className)} {...props} />
         ~~~~~~~~~~~~~~~~~~~~~~~~~~~~~~~~~~~~~~~~~~~~~~~~~~~~~~~~~~~~~~~~~~~~~~~~~~~~~~~~~~~~~~~~~~~~~~~~~

src/components/ui/table.tsx:11:5 - error TS7026: JSX element implicitly has type 'any' because no interface 'JSX.IntrinsicElements' exists.

11     </div>
       ~~~~~~

src/components/ui/table.tsx:16:10 - error TS7026: JSX element implicitly has type 'any' because no interface 'JSX.IntrinsicElements' exists.

16   return <thead data-slot="table-header" className={cn('[&_tr]:border-b', className)} {...props} />
            ~~~~~~~~~~~~~~~~~~~~~~~~~~~~~~~~~~~~~~~~~~~~~~~~~~~~~~~~~~~~~~~~~~~~~~~~~~~~~~~~~~~~~~~~~~

src/components/ui/table.tsx:20:10 - error TS7026: JSX element implicitly has type 'any' because no interface 'JSX.IntrinsicElements' exists.

20   return <tbody data-slot="table-body" className={cn('[&_tr:last-child]:border-0', className)} {...props} />
            ~~~~~~~~~~~~~~~~~~~~~~~~~~~~~~~~~~~~~~~~~~~~~~~~~~~~~~~~~~~~~~~~~~~~~~~~~~~~~~~~~~~~~~~~~~~~~~~~~~~

src/components/ui/table.tsx:25:5 - error TS7026: JSX element implicitly has type 'any' because no interface 'JSX.IntrinsicElements' exists.

 25     <tfoot
        ~~~~~~
 26       data-slot="table-footer"
    ~~~~~~~~~~~~~~~~~~~~~~~~~~~~~~
...
 28       {...props}
    ~~~~~~~~~~~~~~~~
 29     />
    ~~~~~~

src/components/ui/table.tsx:35:5 - error TS7026: JSX element implicitly has type 'any' because no interface 'JSX.IntrinsicElements' exists.

 35     <tr
        ~~~
 36       data-slot="table-row"
    ~~~~~~~~~~~~~~~~~~~~~~~~~~~
...
 38       {...props}
    ~~~~~~~~~~~~~~~~
 39     />
    ~~~~~~

src/components/ui/table.tsx:45:5 - error TS7026: JSX element implicitly has type 'any' because no interface 'JSX.IntrinsicElements' exists.

 45     <th
        ~~~
 46       data-slot="table-head"
    ~~~~~~~~~~~~~~~~~~~~~~~~~~~~
...
 51       {...props}
    ~~~~~~~~~~~~~~~~
 52     />
    ~~~~~~

src/components/ui/table.tsx:58:5 - error TS7026: JSX element implicitly has type 'any' because no interface 'JSX.IntrinsicElements' exists.

 58     <td
        ~~~
 59       data-slot="table-cell"
    ~~~~~~~~~~~~~~~~~~~~~~~~~~~~
...
 64       {...props}
    ~~~~~~~~~~~~~~~~
 65     />
    ~~~~~~

src/components/ui/table.tsx:71:5 - error TS7026: JSX element implicitly has type 'any' because no interface 'JSX.IntrinsicElements' exists.

71     <caption data-slot="table-caption" className={cn('text-muted-foreground mt-4 text-sm', className)} {...props} />
       ~~~~~~~~~~~~~~~~~~~~~~~~~~~~~~~~~~~~~~~~~~~~~~~~~~~~~~~~~~~~~~~~~~~~~~~~~~~~~~~~~~~~~~~~~~~~~~~~~~~~~~~~~~~~~~~~

src/components/use-transaction-toast.tsx:1:23 - error TS2307: Cannot find module 'sonner' or its corresponding type declarations.

1 import { toast } from 'sonner'
                        ~~~~~~~~

src/lib/utils.ts:1:39 - error TS2307: Cannot find module 'clsx' or its corresponding type declarations.

1 import { type ClassValue, clsx } from 'clsx'
                                        ~~~~~~

src/lib/utils.ts:2:25 - error TS2307: Cannot find module 'tailwind-merge' or its corresponding type declarations.

2 import { twMerge } from 'tailwind-merge'
                          ~~~~~~~~~~~~~~~~


Found 319 errors in 36 files.

Errors  Files
     4  anchor/src/anaheim-exports.ts:4
     4  anchor/tests/anaheim.spec.ts:5
     1  anchor/tests/create_user.ts:4
     1  src/app/account/[address]/page.tsx:1
     1  src/app/account/page.tsx:1
     8  src/app/layout.tsx:1
     3  src/app/mining/page.tsx:1
     1  src/app/page.tsx:1
    15  src/components/account/account-data-access.tsx:3
    14  src/components/account/account-detail-feature.tsx:3
     6  src/components/account/account-list-feature.tsx:5
    84  src/components/account/account-ui.tsx:3
     2  src/components/app-alert.tsx:1
     5  src/components/app-footer.tsx:1
    33  src/components/app-header.tsx:2
    11  src/components/app-hero.tsx:1
     7  src/components/app-layout.tsx:6
     5  src/components/app-modal.tsx:1
     4  src/components/app-providers.tsx:3
    11  src/components/cluster/cluster-ui.tsx:3
    13  src/components/dashboard/dashboard-feature.tsx:1
    19  src/components/mining/mining-panel.tsx:3
     2  src/components/react-query-provider.tsx:4
     5  src/components/solana/solana-provider.tsx:3
     2  src/components/theme-provider.tsx:3
     7  src/components/theme-select.tsx:3
     6  src/components/ui/alert.tsx:1
     4  src/components/ui/button.tsx:1
     8  src/components/ui/dialog.tsx:3
     9  src/components/ui/dropdown-menu.tsx:3
     3  src/components/ui/input.tsx:1
     3  src/components/ui/label.tsx:3
     3  src/components/ui/sonner.tsx:3
    12  src/components/ui/table.tsx:3
     1  src/components/use-transaction-toast.tsx:1
     2  src/lib/utils.ts:1
 ELIFECYCLE  Command failed with exit code 2.
(.venv) anarchsun@anarcrypt-eco-subsystem-os-srv-hddb1:~/RustroverProjects/anarcr
